This is pdfTeX, Version 3.141592653-2.6-1.40.24 (TeX Live 2022) (preloaded format=pdflatex 2023.1.19)  31 JAN 2023 14:34
entering extended mode
 restricted \write18 enabled.
 %&-line parsing enabled.
**comparisons.tex
(./comparisons.tex
LaTeX2e <2022-11-01> patch level 1
L3 programming layer <2023-01-16> (/home/denis/.TinyTeX/texmf-dist/tex/latex/base/article.cls
Document Class: article 2022/07/02 v1.4n Standard LaTeX document class
(/home/denis/.TinyTeX/texmf-dist/tex/latex/base/size10.clo
File: size10.clo 2022/07/02 v1.4n Standard LaTeX file (size option)
)
\c@part=\count185
\c@section=\count186
\c@subsection=\count187
\c@subsubsection=\count188
\c@paragraph=\count189
\c@subparagraph=\count190
\c@figure=\count191
\c@table=\count192
\abovecaptionskip=\skip48
\belowcaptionskip=\skip49
\bibindent=\dimen140
) (/usr/share/R/share/texmf/tex/latex/Sweave.sty
Package: Sweave 
 (/home/denis/.TinyTeX/texmf-dist/tex/latex/base/ifthen.sty
Package: ifthen 2022/04/13 v1.1d Standard LaTeX ifthen package (DPC)
) (/home/denis/.TinyTeX/texmf-dist/tex/latex/graphics/graphicx.sty
Package: graphicx 2021/09/16 v1.2d Enhanced LaTeX Graphics (DPC,SPQR)
 (/home/denis/.TinyTeX/texmf-dist/tex/latex/graphics/keyval.sty
Package: keyval 2022/05/29 v1.15 key=value parser (DPC)
\KV@toks@=\toks16
) (/home/denis/.TinyTeX/texmf-dist/tex/latex/graphics/graphics.sty
Package: graphics 2022/03/10 v1.4e Standard LaTeX Graphics (DPC,SPQR)
 (/home/denis/.TinyTeX/texmf-dist/tex/latex/graphics/trig.sty
Package: trig 2021/08/11 v1.11 sin cos tan (DPC)
) (/home/denis/.TinyTeX/texmf-dist/tex/latex/graphics-cfg/graphics.cfg
File: graphics.cfg 2016/06/04 v1.11 sample graphics configuration
)
Package graphics Info: Driver file: pdftex.def on input line 107.
 (/home/denis/.TinyTeX/texmf-dist/tex/latex/graphics-def/pdftex.def
File: pdftex.def 2022/09/22 v1.2b Graphics/color driver for pdftex
))
\Gin@req@height=\dimen141
\Gin@req@width=\dimen142
) (/home/denis/.TinyTeX/texmf-dist/tex/latex/fancyvrb/fancyvrb.sty
Package: fancyvrb 2022/06/06 4.5 verbatim text (tvz,hv)
\FV@CodeLineNo=\count193
\FV@InFile=\read2
\FV@TabBox=\box51
\c@FancyVerbLine=\count194
\FV@StepNumber=\count195
\FV@OutFile=\write3
) (/home/denis/.TinyTeX/texmf-dist/tex/latex/base/textcomp.sty
Package: textcomp 2020/02/02 v2.0n Standard LaTeX package
) (/home/denis/.TinyTeX/texmf-dist/tex/latex/base/fontenc.sty
Package: fontenc 2021/04/29 v2.0v Standard LaTeX package
) (/home/denis/.TinyTeX/texmf-dist/tex/latex/ae/ae.sty
Package: ae 2001/02/12 1.3 Almost European Computer Modern
 (/home/denis/.TinyTeX/texmf-dist/tex/latex/base/fontenc.sty
Package: fontenc 2021/04/29 v2.0v Standard LaTeX package
)))
LaTeX Font Info:    Trying to load font information for T1+aer on input line 6.
 (/home/denis/.TinyTeX/texmf-dist/tex/latex/ae/t1aer.fd
File: t1aer.fd 1997/11/16 Font definitions for T1/aer.
) (/home/denis/.TinyTeX/texmf-dist/tex/latex/l3backend/l3backend-pdftex.def
File: l3backend-pdftex.def 2023-01-16 L3 backend support: PDF output (pdfTeX)
\l__color_backend_stack_int=\count196
\l__pdf_internal_box=\box52
) (./comparisons.aux)
\openout1 = `comparisons.aux'.

LaTeX Font Info:    Checking defaults for OML/cmm/m/it on input line 6.
LaTeX Font Info:    ... okay on input line 6.
LaTeX Font Info:    Checking defaults for OMS/cmsy/m/n on input line 6.
LaTeX Font Info:    ... okay on input line 6.
LaTeX Font Info:    Checking defaults for OT1/cmr/m/n on input line 6.
LaTeX Font Info:    ... okay on input line 6.
LaTeX Font Info:    Checking defaults for T1/cmr/m/n on input line 6.
LaTeX Font Info:    ... okay on input line 6.
LaTeX Font Info:    Checking defaults for TS1/cmr/m/n on input line 6.
LaTeX Font Info:    ... okay on input line 6.
LaTeX Font Info:    Checking defaults for OMX/cmex/m/n on input line 6.
LaTeX Font Info:    ... okay on input line 6.
LaTeX Font Info:    Checking defaults for U/cmr/m/n on input line 6.
LaTeX Font Info:    ... okay on input line 6.
 (/home/denis/.TinyTeX/texmf-dist/tex/latex/epstopdf-pkg/epstopdf-base.sty
Package: epstopdf-base 2020-01-24 v2.11 Base part for package epstopdf
 (/home/denis/.TinyTeX/texmf-dist/tex/generic/infwarerr/infwarerr.sty
Package: infwarerr 2019/12/03 v1.5 Providing info/warning/error messages (HO)
) (/home/denis/.TinyTeX/texmf-dist/tex/latex/grfext/grfext.sty
Package: grfext 2019/12/03 v1.3 Manage graphics extensions (HO)
 (/home/denis/.TinyTeX/texmf-dist/tex/generic/kvdefinekeys/kvdefinekeys.sty
Package: kvdefinekeys 2019-12-19 v1.6 Define keys (HO)
)) (/home/denis/.TinyTeX/texmf-dist/tex/latex/kvoptions/kvoptions.sty
Package: kvoptions 2022-06-15 v3.15 Key value format for package options (HO)
 (/home/denis/.TinyTeX/texmf-dist/tex/generic/ltxcmds/ltxcmds.sty
Package: ltxcmds 2020-05-10 v1.25 LaTeX kernel commands for general use (HO)
) (/home/denis/.TinyTeX/texmf-dist/tex/latex/kvsetkeys/kvsetkeys.sty
Package: kvsetkeys 2022-10-05 v1.19 Key value parser (HO)
)) (/home/denis/.TinyTeX/texmf-dist/tex/generic/pdftexcmds/pdftexcmds.sty
Package: pdftexcmds 2020-06-27 v0.33 Utility functions of pdfTeX for LuaTeX (HO)
 (/home/denis/.TinyTeX/texmf-dist/tex/generic/iftex/iftex.sty
Package: iftex 2022/02/03 v1.0f TeX engine tests
)
Package pdftexcmds Info: \pdf@primitive is available.
Package pdftexcmds Info: \pdf@ifprimitive is available.
Package pdftexcmds Info: \pdfdraftmode found.
)
Package epstopdf-base Info: Redefining graphics rule for `.eps' on input line 485.
Package grfext Info: Graphics extension search list:
(grfext)             [.pdf,.png,.jpg,.mps,.jpeg,.jbig2,.jb2,.PDF,.PNG,.JPG,.JPEG,.JBIG2,.JB2,.eps]
(grfext)             \AppendGraphicsExtensions on input line 504.
 (/home/denis/.TinyTeX/texmf-dist/tex/latex/latexconfig/epstopdf-sys.cfg
File: epstopdf-sys.cfg 2010/07/13 v1.3 Configuration of (r)epstopdf for TeX Live
)) (./comparisons-concordance.tex)
LaTeX Font Info:    External font `cmex10' loaded for size
(Font)              <7> on input line 28.
LaTeX Font Info:    External font `cmex10' loaded for size
(Font)              <5> on input line 28.


LaTeX Warning: Reference `eq:LeastSquares' on page 1 undefined on input line 33.


Overfull \hbox (766.14615pt too wide) in paragraph at lines 30--38
\T1/aer/m/n/10 where is an $\OML/cmm/m/it/10 ntimesp$ \T1/aer/m/n/10 model ma-trix ($\OML/cmm/m/it/10 pln$\T1/aer/m/n/10 ), $\OML/cmm/m/it/10 by$ \T1/aer/m/n/10 is $\OML/cmm/m/it/10 n$\T1/aer/m/n/10 -dimensional and beta$\OML/cmm/m/it/10 is$\T1/aer/m/n/10 p$\OML/cmm/m/it/10 dimensional:Moststatisticstextsstatethatthesolutionto\OT1/cmr/m/n/10 ([])\OML/cmm/m/it/10 iswhenhasfullcolumnrank\OT1/cmr/m/n/10 (\OML/cmm/m/it/10 i:e:thecolumnsofarelinearlyindependent\OT1/cmr/m/n/10 )\OML/cmm/m/it/10 andalltoofrequentlyitiscalculatedinexactlythisway:$ 
 []

LaTeX Font Info:    Trying to load font information for T1+aett on input line 46.
(/home/denis/.TinyTeX/texmf-dist/tex/latex/ae/t1aett.fd
File: t1aett.fd 1997/11/16 Font definitions for T1/aett.
)
LaTeX Font Info:    Trying to load font information for TS1+aett on input line 51.
 (/usr/share/R/share/texmf/tex/latex/ts1aett.fd
File: ts1aett.fd 
)
LaTeX Font Info:    Trying to load font information for TS1+cmtt on input line 51.
 (/home/denis/.TinyTeX/texmf-dist/tex/latex/base/ts1cmtt.fd
File: ts1cmtt.fd 2022/07/10 v2.5l Standard LaTeX font definitions
)
LaTeX Font Info:    Font shape `TS1/aett/m/n' in size <10> not available
(Font)              Font shape `TS1/cmtt/m/n' tried instead on input line 51.


LaTeX Warning: Reference `eq:XPX' on page 1 undefined on input line 76.

[1

{/home/denis/.TinyTeX/texmf-var/fonts/map/pdftex/updmap/pdftex.map}]

LaTeX Warning: Reference `eq:XPX' on page 2 undefined on input line 125.


Overfull \hbox (45.59453pt too wide) in paragraph at lines 141--144
[]\T1/aer/m/n/10 Combining these op-ti-miza-tion we ob-tain sys-tem.time(cpod.sol <- solve(crossprod(mm),
 []


LaTeX Warning: Reference `eq:LSQsol' on page 2 undefined on input line 176.

[2]
Overfull \hbox (244.45279pt too wide) in paragraph at lines 187--199
\T1/aer/m/n/10 "dpo-Ma-trix" class use the Cholesky de-com-po-si-tion. mm <- as(KNex$\OML/cmm/m/it/10 mm; \OT1/cmr/m/n/10 "\OML/cmm/m/it/10 denseMatrix\OT1/cmr/m/n/10 ")\OML/cmm/m/it/10 class\OT1/cmr/m/n/10 (\OML/cmm/m/it/10 crossprod\OT1/cmr/m/n/10 (\OML/cmm/m/it/10 mm\OT1/cmr/m/n/10 ))\OML/cmm/m/it/10 system:time\OT1/cmr/m/n/10 (\OML/cmm/m/it/10 Mat:sol <
 []


Overfull \hbox (131.745pt too wide) in paragraph at lines 187--199
\OMS/cmsy/m/n/10 ^^@\OML/cmm/m/it/10 solve\OT1/cmr/m/n/10 (\OML/cmm/m/it/10 crossprod\OT1/cmr/m/n/10 (\OML/cmm/m/it/10 mm\OT1/cmr/m/n/10 )\OML/cmm/m/it/10 ; crossprod\OT1/cmr/m/n/10 (\OML/cmm/m/it/10 mm; y\OT1/cmr/m/n/10 )))\OML/cmm/m/it/10 stopifnot\OT1/cmr/m/n/10 (\OML/cmm/m/it/10 all:equal\OT1/cmr/m/n/10 (\OML/cmm/m/it/10 naive:sol; unname\OT1/cmr/m/n/10 (\OML/cmm/m/it/10 as\OT1/cmr/m/n/10 (\OML/cmm/m/it/10 Mat:sol; \OT1/cmr/m/n/10 "\OML/cmm/m/it/10 matrix\OT1/cmr/m/n/10 "))))$ 
 []


Overfull \hbox (355.82654pt too wide) in paragraph at lines 200--223
\T1/aer/m/n/10 KNex$\OML/cmm/m/it/10 mmclass\OT1/cmr/m/n/10 (\OML/cmm/m/it/10 mm\OT1/cmr/m/n/10 )\OML/cmm/m/it/10 system:time\OT1/cmr/m/n/10 (\OML/cmm/m/it/10 sparse:sol < \OMS/cmsy/m/n/10 ^^@\OML/cmm/m/it/10 solve\OT1/cmr/m/n/10 (\OML/cmm/m/it/10 crossprod\OT1/cmr/m/n/10 (\OML/cmm/m/it/10 mm\OT1/cmr/m/n/10 )\OML/cmm/m/it/10 ; crossprod\OT1/cmr/m/n/10 (\OML/cmm/m/it/10 mm; y\OT1/cmr/m/n/10 )))\OML/cmm/m/it/10 stopifnot\OT1/cmr/m/n/10 (\OML/cmm/m/it/10 all:equal\OT1/cmr/m/n/10 (\OML/cmm/m/it/10 naive:sol; unname\OT1/cmr/m/n/10 (\OML/cmm/m/it/10 as\OT1/cmr/m/n/10 (\OML/cmm/m/it/10 sparse:sol; \OT1/cmr/m/n/10 "\OML/cmm/m/it/10 matrix\OT1/cmr/m/n/10 "))))\`$
 []

LaTeX Font Info:    Trying to load font information for TS1+aer on input line 237.
(/usr/share/R/share/texmf/tex/latex/ts1aer.fd
File: ts1aer.fd 
)
LaTeX Font Info:    Font shape `TS1/aer/m/n' in size <10> not available
(Font)              Font shape `TS1/cmr/m/n' tried instead on input line 237.
 [3]
No file comparisons.bbl.
[4] (./comparisons.aux)

LaTeX Warning: There were undefined references.

 ) 
Here is how much of TeX's memory you used:
 2533 strings out of 478031
 44018 string characters out of 5839944
 1858330 words of memory out of 5000000
 22614 multiletter control sequences out of 15000+600000
 534025 words of font info for 70 fonts, out of 8000000 for 9000
 14 hyphenation exceptions out of 8191
 72i,5n,76p,387b,332s stack positions out of 10000i,1000n,20000p,200000b,200000s
 </home/denis/.TinyTeX/texmf-var/fonts/pk/ljfour/jknappen/ec/tcrm1000.600pk> </home/denis/.TinyTeX/texmf-var/fonts/pk/ljfour/jknappen/ec/tctt1000.600pk></home/denis/.TinyTeX/texmf-dist/fonts/type1/public/amsfonts/cm/cmb10.pfb></home/denis/.TinyTeX/texmf-dist/fonts/type1/public/amsfonts/cm/cmmi10.pfb></home/denis/.TinyTeX/texmf-dist/fonts/type1/public/amsfonts/cm/cmr10.pfb></home/denis/.TinyTeX/texmf-dist/fonts/type1/public/amsfonts/cm/cmr7.pfb></home/denis/.TinyTeX/texmf-dist/fonts/type1/public/amsfonts/cm/cmr9.pfb></home/denis/.TinyTeX/texmf-dist/fonts/type1/public/amsfonts/cm/cmsltt10.pfb></home/denis/.TinyTeX/texmf-dist/fonts/type1/public/amsfonts/cm/cmsy10.pfb></home/denis/.TinyTeX/texmf-dist/fonts/type1/public/amsfonts/cm/cmtt10.pfb>
Output written on comparisons.pdf (4 pages, 129764 bytes).
PDF statistics:
 68 PDF objects out of 1000 (max. 8388607)
 42 compressed objects within 1 object stream
 0 named destinations out of 1000 (max. 500000)
 5 words of extra memory for PDF output out of 10000 (max. 10000000)

